[22-Oct-2023 09:39:42 UTC] Autoloader included
[22-Oct-2023 09:39:42 UTC] 1
[22-Oct-2023 09:39:43 UTC] [ Timber ] Error loading your template files: page-homehome.twig, page.twig. Make sure one of these files exists.
[22-Oct-2023 09:39:43 UTC] Autoloader included
[22-Oct-2023 09:39:43 UTC] 1
[22-Oct-2023 09:41:32 UTC] Autoloader included
[22-Oct-2023 09:41:32 UTC] 1
[22-Oct-2023 09:41:32 UTC] PHP Fatal error:  Uncaught Error: Class 'Timber' not found in /Users/akramtello/Local Sites/id/app/public/wp-content/themes/id/page-home.php:33
Stack trace:
#0 /Users/akramtello/Local Sites/id/app/public/wp-includes/template-loader.php(106): include()
#1 /Users/akramtello/Local Sites/id/app/public/wp-blog-header.php(19): require_once('/Users/akramtel...')
#2 /Users/akramtello/Local Sites/id/app/public/index.php(17): require('/Users/akramtel...')
#3 {main}
  thrown in /Users/akramtello/Local Sites/id/app/public/wp-content/themes/id/page-home.php on line 33
[22-Oct-2023 09:41:32 UTC] Autoloader included
[22-Oct-2023 09:41:32 UTC] 1
[22-Oct-2023 09:41:46 UTC] Autoloader included
[22-Oct-2023 09:41:46 UTC] 1
[22-Oct-2023 09:41:46 UTC] [ Timber ] Error loading your template files: page-home.twig, page.twig. Make sure one of these files exists.
[22-Oct-2023 09:41:48 UTC] Autoloader included
[22-Oct-2023 09:41:48 UTC] 1
[22-Oct-2023 09:41:48 UTC] [ Timber ] Error loading your template files: page-home.twig, page.twig. Make sure one of these files exists.
[22-Oct-2023 09:42:40 UTC] Autoloader included
[22-Oct-2023 09:42:40 UTC] 1
[22-Oct-2023 09:42:40 UTC] PHP Fatal error:  Uncaught Error: Class 'Timber' not found in /Users/akramtello/Local Sites/id/app/public/wp-content/themes/id/functions.php:26
Stack trace:
#0 /Users/akramtello/Local Sites/id/app/public/wp-settings.php(600): include()
#1 /Users/akramtello/Local Sites/id/app/public/wp-config.php(105): require_once('/Users/akramtel...')
#2 /Users/akramtello/Local Sites/id/app/public/wp-load.php(50): require_once('/Users/akramtel...')
#3 /Users/akramtello/Local Sites/id/app/public/wp-blog-header.php(13): require_once('/Users/akramtel...')
#4 /Users/akramtello/Local Sites/id/app/public/index.php(17): require('/Users/akramtel...')
#5 {main}
  thrown in /Users/akramtello/Local Sites/id/app/public/wp-content/themes/id/functions.php on line 26
[22-Oct-2023 09:43:49 UTC] Autoloader included
[22-Oct-2023 09:43:49 UTC] 1
[22-Oct-2023 09:43:49 UTC] PHP Fatal error:  Uncaught Error: Class 'Timber' not found in /Users/akramtello/Local Sites/id/app/public/wp-content/themes/id/functions.php:26
Stack trace:
#0 /Users/akramtello/Local Sites/id/app/public/wp-settings.php(600): include()
#1 /Users/akramtello/Local Sites/id/app/public/wp-config.php(105): require_once('/Users/akramtel...')
#2 /Users/akramtello/Local Sites/id/app/public/wp-load.php(50): require_once('/Users/akramtel...')
#3 /Users/akramtello/Local Sites/id/app/public/wp-blog-header.php(13): require_once('/Users/akramtel...')
#4 /Users/akramtello/Local Sites/id/app/public/index.php(17): require('/Users/akramtel...')
#5 {main}
  thrown in /Users/akramtello/Local Sites/id/app/public/wp-content/themes/id/functions.php on line 26
[22-Oct-2023 09:44:09 UTC] Autoloader included
[22-Oct-2023 09:44:09 UTC] 1
[22-Oct-2023 09:44:09 UTC] [ Timber ] Error loading your template files: page-home.twig, page.twig. Make sure one of these files exists.
[22-Oct-2023 09:44:09 UTC] Autoloader included
[22-Oct-2023 09:44:09 UTC] 1
[22-Oct-2023 09:44:55 UTC] Autoloader included
[22-Oct-2023 09:44:55 UTC] 1
[22-Oct-2023 09:44:55 UTC] [ Timber ] Error loading your template files: page-home.twig, page.twig. Make sure one of these files exists.
[22-Oct-2023 09:44:55 UTC] Autoloader included
[22-Oct-2023 09:44:55 UTC] 1
[22-Oct-2023 09:44:56 UTC] Autoloader included
[22-Oct-2023 09:44:56 UTC] 1
[22-Oct-2023 09:44:56 UTC] [ Timber ] Error loading your template files: page-home.twig, page.twig. Make sure one of these files exists.
[22-Oct-2023 09:44:58 UTC] Autoloader included
[22-Oct-2023 09:44:58 UTC] 1
[22-Oct-2023 09:44:58 UTC] Autoloader included
[22-Oct-2023 09:44:58 UTC] 1
[22-Oct-2023 09:44:59 UTC] PHP Fatal error:  Uncaught Error: Class 'Timber' not found in /Users/akramtello/Local Sites/id/app/public/wp-content/themes/id/functions.php:29
Stack trace:
#0 /Users/akramtello/Local Sites/id/app/public/wp-includes/class-wp-hook.php(310): {closure}('')
#1 /Users/akramtello/Local Sites/id/app/public/wp-includes/class-wp-hook.php(334): WP_Hook->apply_filters(NULL, Array)
#2 /Users/akramtello/Local Sites/id/app/public/wp-includes/plugin.php(517): WP_Hook->do_action(Array)
#3 /Users/akramtello/Local Sites/id/app/public/wp-admin/admin-header.php(303): do_action('admin_notices')
#4 /Users/akramtello/Local Sites/id/app/public/wp-admin/index.php(137): require_once('/Users/akramtel...')
#5 {main}
  thrown in /Users/akramtello/Local Sites/id/app/public/wp-content/themes/id/functions.php on line 29
[22-Oct-2023 09:47:57 UTC] Autoloader included
[22-Oct-2023 09:47:57 UTC] 1
[22-Oct-2023 09:47:57 UTC] Autoloader included
[22-Oct-2023 09:47:57 UTC] 1
[22-Oct-2023 09:47:59 UTC] Autoloader included
[22-Oct-2023 09:47:59 UTC] 1
[22-Oct-2023 09:48:00 UTC] Autoloader included
[22-Oct-2023 09:48:00 UTC] 1
[22-Oct-2023 09:49:00 UTC] Autoloader included
[22-Oct-2023 09:49:00 UTC] 1
[22-Oct-2023 09:49:01 UTC] Autoloader included
[22-Oct-2023 09:49:01 UTC] 1
[22-Oct-2023 09:51:00 UTC] Autoloader included
[22-Oct-2023 09:51:00 UTC] 1
[22-Oct-2023 09:51:01 UTC] Autoloader included
[22-Oct-2023 09:51:01 UTC] 1
[22-Oct-2023 09:53:00 UTC] Autoloader included
[22-Oct-2023 09:53:00 UTC] 1
[22-Oct-2023 09:53:01 UTC] Autoloader included
[22-Oct-2023 09:53:01 UTC] 1
[22-Oct-2023 09:55:01 UTC] Autoloader included
[22-Oct-2023 09:55:01 UTC] 1
[22-Oct-2023 09:55:01 UTC] Autoloader included
[22-Oct-2023 09:55:01 UTC] 1
[22-Oct-2023 09:57:00 UTC] Autoloader included
[22-Oct-2023 09:57:00 UTC] 1
[22-Oct-2023 09:57:01 UTC] Autoloader included
[22-Oct-2023 09:57:01 UTC] 1
[22-Oct-2023 09:59:01 UTC] Autoloader included
[22-Oct-2023 09:59:01 UTC] 1
[22-Oct-2023 09:59:02 UTC] Autoloader included
[22-Oct-2023 09:59:02 UTC] 1
[22-Oct-2023 10:01:01 UTC] Autoloader included
[22-Oct-2023 10:01:01 UTC] 1
[22-Oct-2023 10:01:02 UTC] Autoloader included
[22-Oct-2023 10:01:02 UTC] 1
[22-Oct-2023 10:03:01 UTC] Autoloader included
[22-Oct-2023 10:03:01 UTC] 1
[22-Oct-2023 10:03:02 UTC] Autoloader included
[22-Oct-2023 10:03:02 UTC] 1
[22-Oct-2023 10:05:01 UTC] Autoloader included
[22-Oct-2023 10:05:01 UTC] 1
[22-Oct-2023 10:05:02 UTC] Autoloader included
[22-Oct-2023 10:05:02 UTC] 1
[22-Oct-2023 10:07:01 UTC] Autoloader included
[22-Oct-2023 10:07:01 UTC] 1
[22-Oct-2023 10:07:02 UTC] Autoloader included
[22-Oct-2023 10:07:02 UTC] 1
[22-Oct-2023 10:09:01 UTC] Autoloader included
[22-Oct-2023 10:09:01 UTC] 1
[22-Oct-2023 10:09:02 UTC] Autoloader included
[22-Oct-2023 10:09:02 UTC] 1
[22-Oct-2023 10:11:02 UTC] Autoloader included
[22-Oct-2023 10:11:02 UTC] 1
[22-Oct-2023 10:11:03 UTC] Autoloader included
[22-Oct-2023 10:11:03 UTC] 1
[22-Oct-2023 10:13:02 UTC] Autoloader included
[22-Oct-2023 10:13:02 UTC] 1
[22-Oct-2023 10:13:03 UTC] Autoloader included
[22-Oct-2023 10:13:03 UTC] 1
[22-Oct-2023 10:15:03 UTC] Autoloader included
[22-Oct-2023 10:15:03 UTC] 1
[22-Oct-2023 10:15:03 UTC] Autoloader included
[22-Oct-2023 10:15:03 UTC] 1
[22-Oct-2023 10:17:03 UTC] Autoloader included
[22-Oct-2023 10:17:03 UTC] 1
[22-Oct-2023 10:17:04 UTC] Autoloader included
[22-Oct-2023 10:17:04 UTC] 1
[22-Oct-2023 10:19:03 UTC] Autoloader included
[22-Oct-2023 10:19:03 UTC] 1
[22-Oct-2023 10:19:04 UTC] Autoloader included
[22-Oct-2023 10:19:04 UTC] 1
